\BOOKMARK [1][-]{section.1}{Setup}{}% 1
\BOOKMARK [2][-]{subsection.1.1}{Cup Formation}{section.1}% 2
\BOOKMARK [2][-]{subsection.1.2}{Cup Content}{section.1}% 3
\BOOKMARK [2][-]{subsection.1.3}{The Balls}{section.1}% 4
\BOOKMARK [2][-]{subsection.1.4}{The Cup}{section.1}% 5
\BOOKMARK [2][-]{subsection.1.5}{Teams}{section.1}% 6
\BOOKMARK [2][-]{subsection.1.6}{The Table}{section.1}% 7
\BOOKMARK [1][-]{section.2}{Gameplay}{}% 8
\BOOKMARK [2][-]{subsection.2.1}{Deciding Throw Order \(eye-to-eye\) \(snake-eyes\)}{section.2}% 9
\BOOKMARK [2][-]{subsection.2.2}{Throwing}{section.2}% 10
\BOOKMARK [2][-]{subsection.2.3}{Defending}{section.2}% 11
\BOOKMARK [2][-]{subsection.2.4}{Sinking A Ball}{section.2}% 12
\BOOKMARK [2][-]{subsection.2.5}{Reracks}{section.2}% 13
\BOOKMARK [2][-]{subsection.2.6}{Balls Back, On-fire, Roll Backs}{section.2}% 14
\BOOKMARK [2][-]{subsection.2.7}{The Bitch Cup}{section.2}% 15
\BOOKMARK [2][-]{subsection.2.8}{Winning The Game/Redemption}{section.2}% 16
\BOOKMARK [1][-]{section.3}{Special Shots}{}% 17
\BOOKMARK [2][-]{subsection.3.1}{Celebrity Shot}{section.3}% 18
\BOOKMARK [2][-]{subsection.3.2}{Double or Nothing \(Optional Rule\)}{section.3}% 19
\BOOKMARK [2][-]{subsection.3.3}{Trick Shots}{section.3}% 20
\BOOKMARK [2][-]{subsection.3.4}{Bounce Shots}{section.3}% 21
\BOOKMARK [2][-]{subsection.3.5}{The Bomb}{section.3}% 22
\BOOKMARK [2][-]{subsection.3.6}{Island Shots}{section.3}% 23
\BOOKMARK [1][-]{section.4}{Miscellaneous Rules}{}% 24
\BOOKMARK [2][-]{subsection.4.1}{Glitches in the Matrix}{section.4}% 25
\BOOKMARK [2][-]{subsection.4.2}{Balling Your Own Cups}{section.4}% 26
\BOOKMARK [2][-]{subsection.4.3}{During the Game}{section.4}% 27
