This is pdfTeX, Version 3.14159265-2.6-1.40.21 (MiKTeX 20.11) (preloaded format=pdflatex 2020.11.7)  8 JUL 2021 10:31
entering extended mode
**./BPRules.tex
(BPRules.tex
LaTeX2e <2020-10-01> patch level 2
L3 programming layer <2020-10-27> xparse <2020-03-03>
("C:\Users\Patrick\AppData\Local\Programs\MiKTeX 2.9\tex/latex/base\article.cls
"
Document Class: article 2020/04/10 v1.4m Standard LaTeX document class
("C:\Users\Patrick\AppData\Local\Programs\MiKTeX 2.9\tex/latex/base\size11.clo"
File: size11.clo 2020/04/10 v1.4m Standard LaTeX file (size option)
)
\c@part=\count175
\c@section=\count176
\c@subsection=\count177
\c@subsubsection=\count178
\c@paragraph=\count179
\c@subparagraph=\count180
\c@figure=\count181
\c@table=\count182
\abovecaptionskip=\skip47
\belowcaptionskip=\skip48
\bibindent=\dimen138
) (config.tex
("C:\Users\Patrick\AppData\Local\Programs\MiKTeX 2.9\tex/generic/babel\babel.st
y"
Package: babel 2020/10/27 3.51 The Babel package

("C:\Users\Patrick\AppData\Local\Programs\MiKTeX 2.9\tex/generic/babel\babel.de
f"
File: babel.def 2020/10/27 3.51 Babel common definitions
\babel@savecnt=\count183
\U@D=\dimen139
\l@babelnohyphens=\language79

("C:\Users\Patrick\AppData\Local\Programs\MiKTeX 2.9\tex/generic/babel\txtbabel
.def")
\bbl@readstream=\read2
)
\bbl@dirlevel=\count184

*************************************
* Local config file bblopts.cfg used
*

("C:\Users\Patrick\AppData\Local\Programs\MiKTeX 2.9\tex/latex/arabi\bblopts.cf
g"
File: bblopts.cfg 2005/09/08 v0.1 add Arabic and Farsi to "declared" options of
 babel
)
("C:\Users\Patrick\AppData\Local\Programs\MiKTeX 2.9\tex/latex/babel-english\en
glish.ldf"
Language: english 2017/06/06 v3.3r English support from the babel system
Package babel Info: \l@canadian = using hyphenrules for english
(babel)             (\language0) on input line 102.
Package babel Info: \l@australian = using hyphenrules for ukenglish
(babel)             (\language73) on input line 105.
Package babel Info: \l@newzealand = using hyphenrules for ukenglish
(babel)             (\language73) on input line 108.
))
("C:\Users\Patrick\AppData\Local\Programs\MiKTeX 2.9\tex/latex/base\inputenc.st
y"
Package: inputenc 2020/08/01 v1.3d Input encoding file
\inpenc@prehook=\toks15
\inpenc@posthook=\toks16
)
("C:\Users\Patrick\AppData\Local\Programs\MiKTeX 2.9\tex/latex/lm\lmodern.sty"
Package: lmodern 2009/10/30 v1.6 Latin Modern Fonts
LaTeX Font Info:    Overwriting symbol font `operators' in version `normal'
(Font)                  OT1/cmr/m/n --> OT1/lmr/m/n on input line 22.
LaTeX Font Info:    Overwriting symbol font `letters' in version `normal'
(Font)                  OML/cmm/m/it --> OML/lmm/m/it on input line 23.
LaTeX Font Info:    Overwriting symbol font `symbols' in version `normal'
(Font)                  OMS/cmsy/m/n --> OMS/lmsy/m/n on input line 24.
LaTeX Font Info:    Overwriting symbol font `largesymbols' in version `normal'
(Font)                  OMX/cmex/m/n --> OMX/lmex/m/n on input line 25.
LaTeX Font Info:    Overwriting symbol font `operators' in version `bold'
(Font)                  OT1/cmr/bx/n --> OT1/lmr/bx/n on input line 26.
LaTeX Font Info:    Overwriting symbol font `letters' in version `bold'
(Font)                  OML/cmm/b/it --> OML/lmm/b/it on input line 27.
LaTeX Font Info:    Overwriting symbol font `symbols' in version `bold'
(Font)                  OMS/cmsy/b/n --> OMS/lmsy/b/n on input line 28.
LaTeX Font Info:    Overwriting symbol font `largesymbols' in version `bold'
(Font)                  OMX/cmex/m/n --> OMX/lmex/m/n on input line 29.
LaTeX Font Info:    Overwriting math alphabet `\mathbf' in version `normal'
(Font)                  OT1/cmr/bx/n --> OT1/lmr/bx/n on input line 31.
LaTeX Font Info:    Overwriting math alphabet `\mathsf' in version `normal'
(Font)                  OT1/cmss/m/n --> OT1/lmss/m/n on input line 32.
LaTeX Font Info:    Overwriting math alphabet `\mathit' in version `normal'
(Font)                  OT1/cmr/m/it --> OT1/lmr/m/it on input line 33.
LaTeX Font Info:    Overwriting math alphabet `\mathtt' in version `normal'
(Font)                  OT1/cmtt/m/n --> OT1/lmtt/m/n on input line 34.
LaTeX Font Info:    Overwriting math alphabet `\mathbf' in version `bold'
(Font)                  OT1/cmr/bx/n --> OT1/lmr/bx/n on input line 35.
LaTeX Font Info:    Overwriting math alphabet `\mathsf' in version `bold'
(Font)                  OT1/cmss/bx/n --> OT1/lmss/bx/n on input line 36.
LaTeX Font Info:    Overwriting math alphabet `\mathit' in version `bold'
(Font)                  OT1/cmr/bx/it --> OT1/lmr/bx/it on input line 37.
LaTeX Font Info:    Overwriting math alphabet `\mathtt' in version `bold'
(Font)                  OT1/cmtt/m/n --> OT1/lmtt/m/n on input line 38.
)
("C:\Users\Patrick\AppData\Local\Programs\MiKTeX 2.9\tex/latex/graphics\graphic
x.sty"
Package: graphicx 2020/09/09 v1.2b Enhanced LaTeX Graphics (DPC,SPQR)

("C:\Users\Patrick\AppData\Local\Programs\MiKTeX 2.9\tex/latex/graphics\keyval.
sty"
Package: keyval 2014/10/28 v1.15 key=value parser (DPC)
\KV@toks@=\toks17
)
("C:\Users\Patrick\AppData\Local\Programs\MiKTeX 2.9\tex/latex/graphics\graphic
s.sty"
Package: graphics 2020/08/30 v1.4c Standard LaTeX Graphics (DPC,SPQR)

("C:\Users\Patrick\AppData\Local\Programs\MiKTeX 2.9\tex/latex/graphics\trig.st
y"
Package: trig 2016/01/03 v1.10 sin cos tan (DPC)
)
("C:\Users\Patrick\AppData\Local\Programs\MiKTeX 2.9\tex/latex/graphics-cfg\gra
phics.cfg"
File: graphics.cfg 2016/06/04 v1.11 sample graphics configuration
)
Package graphics Info: Driver file: pdftex.def on input line 105.

("C:\Users\Patrick\AppData\Local\Programs\MiKTeX 2.9\tex/latex/graphics-def\pdf
tex.def"
File: pdftex.def 2020/10/05 v1.2a Graphics/color driver for pdftex
))
\Gin@req@height=\dimen140
\Gin@req@width=\dimen141
)
("C:\Users\Patrick\AppData\Local\Programs\MiKTeX 2.9\tex/latex/titlesec\titlese
c.sty"
Package: titlesec 2019/10/16 v2.13 Sectioning titles
\ttl@box=\box47
\beforetitleunit=\skip49
\aftertitleunit=\skip50
\ttl@plus=\dimen142
\ttl@minus=\dimen143
\ttl@toksa=\toks18
\titlewidth=\dimen144
\titlewidthlast=\dimen145
\titlewidthfirst=\dimen146
)
("C:\Users\Patrick\AppData\Local\Programs\MiKTeX 2.9\tex/latex/geometry\geometr
y.sty"
Package: geometry 2020/01/02 v5.9 Page Geometry

("C:\Users\Patrick\AppData\Local\Programs\MiKTeX 2.9\tex/generic/iftex\ifvtex.s
ty"
Package: ifvtex 2019/10/25 v1.7 ifvtex legacy package. Use iftex instead.

("C:\Users\Patrick\AppData\Local\Programs\MiKTeX 2.9\tex/generic/iftex\iftex.st
y"
Package: iftex 2020/03/06 v1.0d TeX engine tests
))
\Gm@cnth=\count185
\Gm@cntv=\count186
\c@Gm@tempcnt=\count187
\Gm@bindingoffset=\dimen147
\Gm@wd@mp=\dimen148
\Gm@odd@mp=\dimen149
\Gm@even@mp=\dimen150
\Gm@layoutwidth=\dimen151
\Gm@layoutheight=\dimen152
\Gm@layouthoffset=\dimen153
\Gm@layoutvoffset=\dimen154
\Gm@dimlist=\toks19

("C:\Users\Patrick\AppData\Local\Programs\MiKTeX 2.9\tex/latex/geometry\geometr
y.cfg"))
("C:\Users\Patrick\AppData\Local\Programs\MiKTeX 2.9\tex/latex/changepage\chang
epage.sty"
Package: changepage 2009/10/20 v1.0c check page and change page layout
\c@cp@cntr=\count188
\cp@tempcnt=\count189
)
("C:\Users\Patrick\AppData\Local\Programs\MiKTeX 2.9\tex/latex/framed\framed.st
y"
Package: framed 2011/10/22 v 0.96: framed or shaded text with page breaks
\OuterFrameSep=\skip51
\fb@frw=\dimen155
\fb@frh=\dimen156
\FrameRule=\dimen157
\FrameSep=\dimen158
)
("C:\Users\Patrick\AppData\Local\Programs\MiKTeX 2.9\tex/latex/fancyhdr\fancyhd
r.sty"
Package: fancyhdr 2019/01/31 v3.10 Extensive control of page headers and footer
s
\f@nch@headwidth=\skip52
\f@nch@O@elh=\skip53
\f@nch@O@erh=\skip54
\f@nch@O@olh=\skip55
\f@nch@O@orh=\skip56
\f@nch@O@elf=\skip57
\f@nch@O@erf=\skip58
\f@nch@O@olf=\skip59
\f@nch@O@orf=\skip60
)
("C:\Users\Patrick\AppData\Local\Programs\MiKTeX 2.9\tex/latex/enumitem\enumite
m.sty"
Package: enumitem 2019/06/20 v3.9 Customized lists
\labelindent=\skip61
\enit@outerparindent=\dimen159
\enit@toks=\toks20
\enit@inbox=\box48
\enit@count@id=\count190
\enitdp@description=\count191
)
("C:\Users\Patrick\AppData\Local\Programs\MiKTeX 2.9\tex/latex/yfonts\yfonts.st
y"
Package: yfonts 2019/04/04 v1.4 (WaS&NP)
Now handling font encoding LY ...
... no UTF-8 mapping file for font encoding LY
Now handling font encoding LYG ...
... no UTF-8 mapping file for font encoding LYG
LaTeX Info: Composite with undeclared \" in encoding LYG on input line 58.
)
("C:\Users\Patrick\AppData\Local\Programs\MiKTeX 2.9\tex/latex/titlesec\titleto
c.sty"
Package: titletoc 2019/10/16 v2.13 TOC entries
\ttl@leftsep=\dimen160
))
("C:\Users\Patrick\AppData\Local\Programs\MiKTeX 2.9\tex/latex/hyperref\hyperre
f.sty"
Package: hyperref 2020-05-15 v7.00e Hypertext links for LaTeX

("C:\Users\Patrick\AppData\Local\Programs\MiKTeX 2.9\tex/generic/ltxcmds\ltxcmd
s.sty"
Package: ltxcmds 2020-05-10 v1.25 LaTeX kernel commands for general use (HO)
)
("C:\Users\Patrick\AppData\Local\Programs\MiKTeX 2.9\tex/generic/pdftexcmds\pdf
texcmds.sty"
Package: pdftexcmds 2020-06-27 v0.33 Utility functions of pdfTeX for LuaTeX (HO
)

("C:\Users\Patrick\AppData\Local\Programs\MiKTeX 2.9\tex/generic/infwarerr\infw
arerr.sty"
Package: infwarerr 2019/12/03 v1.5 Providing info/warning/error messages (HO)
)
Package pdftexcmds Info: \pdf@primitive is available.
Package pdftexcmds Info: \pdf@ifprimitive is available.
Package pdftexcmds Info: \pdfdraftmode found.
)
("C:\Users\Patrick\AppData\Local\Programs\MiKTeX 2.9\tex/generic/kvsetkeys\kvse
tkeys.sty"
Package: kvsetkeys 2019/12/15 v1.18 Key value parser (HO)
)
("C:\Users\Patrick\AppData\Local\Programs\MiKTeX 2.9\tex/generic/kvdefinekeys\k
vdefinekeys.sty"
Package: kvdefinekeys 2019-12-19 v1.6 Define keys (HO)
)
("C:\Users\Patrick\AppData\Local\Programs\MiKTeX 2.9\tex/generic/pdfescape\pdfe
scape.sty"
Package: pdfescape 2019/12/09 v1.15 Implements pdfTeX's escape features (HO)
)
("C:\Users\Patrick\AppData\Local\Programs\MiKTeX 2.9\tex/latex/hycolor\hycolor.
sty"
Package: hycolor 2020-01-27 v1.10 Color options for hyperref/bookmark (HO)
)
("C:\Users\Patrick\AppData\Local\Programs\MiKTeX 2.9\tex/latex/letltxmacro\letl
txmacro.sty"
Package: letltxmacro 2019/12/03 v1.6 Let assignment for LaTeX macros (HO)
)
("C:\Users\Patrick\AppData\Local\Programs\MiKTeX 2.9\tex/latex/auxhook\auxhook.
sty"
Package: auxhook 2019-12-17 v1.6 Hooks for auxiliary files (HO)
)
("C:\Users\Patrick\AppData\Local\Programs\MiKTeX 2.9\tex/latex/kvoptions\kvopti
ons.sty"
Package: kvoptions 2019/11/29 v3.13 Key value format for package options (HO)
)
\@linkdim=\dimen161
\Hy@linkcounter=\count192
\Hy@pagecounter=\count193

("C:\Users\Patrick\AppData\Local\Programs\MiKTeX 2.9\tex/latex/hyperref\pd1enc.
def"
File: pd1enc.def 2020-05-15 v7.00e Hyperref: PDFDocEncoding definition (HO)
Now handling font encoding PD1 ...
... no UTF-8 mapping file for font encoding PD1
)
("C:\Users\Patrick\AppData\Local\Programs\MiKTeX 2.9\tex/generic/intcalc\intcal
c.sty"
Package: intcalc 2019/12/15 v1.3 Expandable calculations with integers (HO)
)
("C:\Users\Patrick\AppData\Local\Programs\MiKTeX 2.9\tex/generic/etexcmds\etexc
mds.sty"
Package: etexcmds 2019/12/15 v1.7 Avoid name clashes with e-TeX commands (HO)
)
\Hy@SavedSpaceFactor=\count194
Package hyperref Info: Hyper figures OFF on input line 4464.
Package hyperref Info: Link nesting OFF on input line 4469.
Package hyperref Info: Hyper index ON on input line 4472.
Package hyperref Info: Plain pages OFF on input line 4479.
Package hyperref Info: Backreferencing OFF on input line 4484.
Package hyperref Info: Implicit mode ON; LaTeX internals redefined.
Package hyperref Info: Bookmarks ON on input line 4717.
\c@Hy@tempcnt=\count195

("C:\Users\Patrick\AppData\Local\Programs\MiKTeX 2.9\tex/latex/url\url.sty"
\Urlmuskip=\muskip16
Package: url 2013/09/16  ver 3.4  Verb mode for urls, etc.
)
LaTeX Info: Redefining \url on input line 5076.
\XeTeXLinkMargin=\dimen162

("C:\Users\Patrick\AppData\Local\Programs\MiKTeX 2.9\tex/generic/bitset\bitset.
sty"
Package: bitset 2019/12/09 v1.3 Handle bit-vector datatype (HO)

("C:\Users\Patrick\AppData\Local\Programs\MiKTeX 2.9\tex/generic/bigintcalc\big
intcalc.sty"
Package: bigintcalc 2019/12/15 v1.5 Expandable calculations on big integers (HO
)
))
\Fld@menulength=\count196
\Field@Width=\dimen163
\Fld@charsize=\dimen164
Package hyperref Info: Hyper figures OFF on input line 6347.
Package hyperref Info: Link nesting OFF on input line 6352.
Package hyperref Info: Hyper index ON on input line 6355.
Package hyperref Info: backreferencing OFF on input line 6362.
Package hyperref Info: Link coloring OFF on input line 6367.
Package hyperref Info: Link coloring with OCG OFF on input line 6372.
Package hyperref Info: PDF/A mode OFF on input line 6377.
LaTeX Info: Redefining \ref on input line 6417.
LaTeX Info: Redefining \pageref on input line 6421.

("C:\Users\Patrick\AppData\Local\Programs\MiKTeX 2.9\tex/latex/base\atbegshi-lt
x.sty"
Package: atbegshi-ltx 2020/08/17 v1.0a Emulation of the original atbegshi packa
ge
with kernel methods
)
\Hy@abspage=\count197
\c@Item=\count198
\c@Hfootnote=\count199
)
Package hyperref Info: Driver (autodetected): hpdftex.

("C:\Users\Patrick\AppData\Local\Programs\MiKTeX 2.9\tex/latex/hyperref\hpdftex
.def"
File: hpdftex.def 2020-05-15 v7.00e Hyperref driver for pdfTeX

("C:\Users\Patrick\AppData\Local\Programs\MiKTeX 2.9\tex/latex/base\atveryend-l
tx.sty"
Package: atveryend-ltx 2020/08/19 v1.0a Emulation of the original atvery packag
e
with kernel methods
)
\Fld@listcount=\count266
\c@bookmark@seq@number=\count267

("C:\Users\Patrick\AppData\Local\Programs\MiKTeX 2.9\tex/latex/rerunfilecheck\r
erunfilecheck.sty"
Package: rerunfilecheck 2019/12/05 v1.9 Rerun checks for auxiliary files (HO)

("C:\Users\Patrick\AppData\Local\Programs\MiKTeX 2.9\tex/generic/uniquecounter\
uniquecounter.sty"
Package: uniquecounter 2019/12/15 v1.4 Provide unlimited unique counter (HO)
)
Package uniquecounter Info: New unique counter `rerunfilecheck' on input line 2
86.
)
\Hy@SectionHShift=\skip62
)
LaTeX Font Info:    Trying to load font information for OT1+lmr on input line 1
1.

("C:\Users\Patrick\AppData\Local\Programs\MiKTeX 2.9\tex/latex/lm\ot1lmr.fd"
File: ot1lmr.fd 2009/10/30 v1.6 Font defs for Latin Modern
)
("C:\Users\Patrick\AppData\Local\Programs\MiKTeX 2.9\tex/latex/l3backend\l3back
end-pdftex.def"
File: l3backend-pdftex.def 2020-09-24 L3 backend support: PDF output (pdfTeX)
\l__kernel_color_stack_int=\count268
\l__pdf_internal_box=\box49
) (BPRules.aux)
\openout1 = `BPRules.aux'.

LaTeX Font Info:    Checking defaults for OML/cmm/m/it on input line 11.
LaTeX Font Info:    ... okay on input line 11.
LaTeX Font Info:    Checking defaults for OMS/cmsy/m/n on input line 11.
LaTeX Font Info:    ... okay on input line 11.
LaTeX Font Info:    Checking defaults for OT1/cmr/m/n on input line 11.
LaTeX Font Info:    ... okay on input line 11.
LaTeX Font Info:    Checking defaults for T1/cmr/m/n on input line 11.
LaTeX Font Info:    ... okay on input line 11.
LaTeX Font Info:    Checking defaults for TS1/cmr/m/n on input line 11.
LaTeX Font Info:    ... okay on input line 11.
LaTeX Font Info:    Checking defaults for OMX/cmex/m/n on input line 11.
LaTeX Font Info:    ... okay on input line 11.
LaTeX Font Info:    Checking defaults for U/cmr/m/n on input line 11.
LaTeX Font Info:    ... okay on input line 11.
LaTeX Font Info:    Checking defaults for LY/yfrak/m/n on input line 11.
LaTeX Font Info:    ... okay on input line 11.
LaTeX Font Info:    Checking defaults for LYG/ygoth/m/n on input line 11.
LaTeX Font Info:    ... okay on input line 11.
LaTeX Font Info:    Checking defaults for PD1/pdf/m/n on input line 11.
LaTeX Font Info:    ... okay on input line 11.

("C:\Users\Patrick\AppData\Local\Programs\MiKTeX 2.9\tex/context/base/mkii\supp
-pdf.mkii"
[Loading MPS to PDF converter (version 2006.09.02).]
\scratchcounter=\count269
\scratchdimen=\dimen165
\scratchbox=\box50
\nofMPsegments=\count270
\nofMParguments=\count271
\everyMPshowfont=\toks21
\MPscratchCnt=\count272
\MPscratchDim=\dimen166
\MPnumerator=\count273
\makeMPintoPDFobject=\count274
\everyMPtoPDFconversion=\toks22
)
("C:\Users\Patrick\AppData\Local\Programs\MiKTeX 2.9\tex/latex/epstopdf-pkg\eps
topdf-base.sty"
Package: epstopdf-base 2020-01-24 v2.11 Base part for package epstopdf
Package epstopdf-base Info: Redefining graphics rule for `.eps' on input line 4
85.
)
*geometry* driver: auto-detecting
*geometry* detected driver: pdftex
*geometry* verbose mode - [ preamble ] result:
* driver: pdftex
* paper: letterpaper
* layout: <same size as paper>
* layoutoffset:(h,v)=(0.0pt,0.0pt)
* modes: 
* h-part:(L,W,R)=(86.49619pt, 455.529pt, 72.2698pt)
* v-part:(T,H,B)=(95.39737pt, 627.30281pt, 72.2698pt)
* \paperwidth=614.295pt
* \paperheight=794.96999pt
* \textwidth=455.529pt
* \textheight=627.30281pt
* \oddsidemargin=14.2262pt
* \evensidemargin=14.2262pt
* \topmargin=-13.87262pt
* \headheight=12.0pt
* \headsep=25.0pt
* \topskip=11.0pt
* \footskip=30.0pt
* \marginparwidth=59.0pt
* \marginparsep=10.0pt
* \columnsep=10.0pt
* \skip\footins=10.0pt plus 4.0pt minus 2.0pt
* \hoffset=0.0pt
* \voffset=0.0pt
* \mag=1000
* \@twocolumnfalse
* \@twosidefalse
* \@mparswitchfalse
* \@reversemarginfalse
* (1in=72.27pt=25.4mm, 1cm=28.453pt)

Package hyperref Info: Link coloring OFF on input line 11.

("C:\Users\Patrick\AppData\Local\Programs\MiKTeX 2.9\tex/latex/hyperref\nameref
.sty"
Package: nameref 2019/09/16 v2.46 Cross-referencing by name of section

("C:\Users\Patrick\AppData\Local\Programs\MiKTeX 2.9\tex/latex/refcount\refcoun
t.sty"
Package: refcount 2019/12/15 v3.6 Data extraction from label references (HO)
)
("C:\Users\Patrick\AppData\Local\Programs\MiKTeX 2.9\tex/generic/gettitlestring
\gettitlestring.sty"
Package: gettitlestring 2019/12/15 v1.6 Cleanup title references (HO)
)
\c@section@level=\count275
)
LaTeX Info: Redefining \ref on input line 11.
LaTeX Info: Redefining \pageref on input line 11.
LaTeX Info: Redefining \nameref on input line 11.
 (BPRules.out) (BPRules.out)
\@outlinefile=\write3
\openout3 = `BPRules.out'.

 (titlepage.tex
<Figures//crestNA.png, id=111, 279.29344pt x 371.13657pt>
File: Figures//crestNA.png Graphic file (type png)
<use Figures//crestNA.png>
Package pdftex.def Info: Figures//crestNA.png  used on input line 43.
(pdftex.def)             Requested size: 136.66008pt x 181.60367pt.
 [1

{C:/Users/Patrick/AppData/Local/MiKTeX/2.9/pdftex/config/pdftex.map} <./Figures
//crestNA.png>])pdfTeX warning (ext4): destination with the same identifier (na
me{page.1}) has been already used, duplicate ignored
<to be read again> 
                   \relax 
l.21 \newpage
             \thispagestyle{empty} [1]
Underfull \hbox (badness 10000) in paragraph at lines 25--28

 []


Underfull \hbox (badness 10000) in paragraph at lines 29--32

 []


Underfull \hbox (badness 10000) in paragraph at lines 33--36

 []

[2] (BPRules.toc)
\tf@toc=\write4
\openout4 = `BPRules.toc'.

 [3] (sec_setup.tex
Overfull \hbox (11.55855pt too wide) in paragraph at lines 7--7
|\OT1/lmr/m/n/10.95 (i)
 []


Overfull \hbox (14.60019pt too wide) in paragraph at lines 10--10
|\OT1/lmr/m/n/10.95 (ii)
 []


Overfull \hbox (17.64183pt too wide) in paragraph at lines 12--12
|\OT1/lmr/m/n/10.95 (iii)
 []


Overfull \hbox (17.33795pt too wide) in paragraph at lines 14--14
|\OT1/lmr/m/n/10.95 (iv)
 []

<Figures//startingrack.png, id=193, 230.36063pt x 125.71968pt>
File: Figures//startingrack.png Graphic file (type png)
<use Figures//startingrack.png>
Package pdftex.def Info: Figures//startingrack.png  used on input line 19.
(pdftex.def)             Requested size: 136.66008pt x 74.58257pt.

Overfull \hbox (11.55855pt too wide) in paragraph at lines 25--25
|\OT1/lmr/m/n/10.95 (i)
 []


Overfull \hbox (14.60019pt too wide) in paragraph at lines 27--27
|\OT1/lmr/m/n/10.95 (ii)
 []


Underfull \hbox (badness 10000) in paragraph at lines 31--32

 []


Overfull \hbox (17.64183pt too wide) in paragraph at lines 34--34
|\OT1/lmr/m/n/10.95 (iii)
 []


Package Fancyhdr Warning: \headheight is too small (12.0pt): 
Make it at least 13.59999pt.
We now make it that large for the rest of the document.
This may cause the page layout to be inconsistent, however.

pdfTeX warning (ext4): destination with the same identifier (name{page.1}) has 
been already used, duplicate ignored
<to be read again> 
                   \relax 
l.34         \subsubsection{}
                              \label{sssec:CC,rinse} [1 <./Figures//startingrac
k.png>]
Overfull \hbox (11.55855pt too wide) in paragraph at lines 38--38
|\OT1/lmr/m/n/10.95 (i)
 []


Overfull \hbox (14.60019pt too wide) in paragraph at lines 40--40
|\OT1/lmr/m/n/10.95 (ii)
 []


Overfull \hbox (17.64183pt too wide) in paragraph at lines 42--42
|\OT1/lmr/m/n/10.95 (iii)
 []


Overfull \hbox (17.33795pt too wide) in paragraph at lines 44--44
|\OT1/lmr/m/n/10.95 (iv)
 []


Overfull \hbox (11.55855pt too wide) in paragraph at lines 48--48
|\OT1/lmr/m/n/10.95 (i)
 []


Overfull \hbox (14.60019pt too wide) in paragraph at lines 50--50
|\OT1/lmr/m/n/10.95 (ii)
 []


Overfull \hbox (17.64183pt too wide) in paragraph at lines 52--52
|\OT1/lmr/m/n/10.95 (iii)
 []

<Figures//dimensions.png, id=214, 663.22781pt x 337.26pt>
File: Figures//dimensions.png Graphic file (type png)
<use Figures//dimensions.png>
Package pdftex.def Info: Figures//dimensions.png  used on input line 57.
(pdftex.def)             Requested size: 409.97331pt x 208.47635pt.

Overfull \hbox (11.55855pt too wide) in paragraph at lines 63--63
|\OT1/lmr/m/n/10.95 (i)
 []


LaTeX Warning: Reference `app:A' on page 2 undefined on input line 68.


Underfull \hbox (badness 10000) in paragraph at lines 67--70

 []

pdfTeX warning (ext4): destination with the same identifier (name{page.2}) has 
been already used, duplicate ignored
<to be read again> 
                   \relax 
l.72             \end{enumerate}
                                 [2 <./Figures//dimensions.png>]
Overfull \hbox (14.60019pt too wide) in paragraph at lines 73--73
|\OT1/lmr/m/n/10.95 (ii)
 []


Overfull \hbox (11.55855pt too wide) in paragraph at lines 77--77
|\OT1/lmr/m/n/10.95 (i)
 []


Overfull \hbox (14.60019pt too wide) in paragraph at lines 81--81
|\OT1/lmr/m/n/10.95 (ii)
 []


Overfull \hbox (17.64183pt too wide) in paragraph at lines 83--83
|\OT1/lmr/m/n/10.95 (iii)
 []

<Figures//table.png, id=230, 542.025pt x 303.38344pt>
File: Figures//table.png Graphic file (type png)
<use Figures//table.png>
Package pdftex.def Info: Figures//table.png  used on input line 88.
(pdftex.def)             Requested size: 455.529pt x 254.97922pt.
) (sec_gameplay.tex
Overfull \hbox (11.55855pt too wide) in paragraph at lines 4--4
|\OT1/lmr/m/n/10.95 (i)
 []


Underfull \hbox (badness 10000) in paragraph at lines 8--9

 []

pdfTeX warning (ext4): destination with the same identifier (name{page.3}) has 
been already used, duplicate ignored
<to be read again> 
                   \relax 
l.9                 \item D
                           oubles: 	The players switch off on each team each...
[3 <./Figures//table.png>]
Overfull \hbox (14.60019pt too wide) in paragraph at lines 11--11
|\OT1/lmr/m/n/10.95 (ii)
 []


Overfull \hbox (17.64183pt too wide) in paragraph at lines 13--13
|\OT1/lmr/m/n/10.95 (iii)
 []


Overfull \hbox (17.33795pt too wide) in paragraph at lines 16--16
|\OT1/lmr/m/n/10.95 (iv)
 []


Overfull \hbox (14.29631pt too wide) in paragraph at lines 18--18
|\OT1/lmr/m/n/10.95 (v)
 []


Overfull \hbox (11.55855pt too wide) in paragraph at lines 22--22
|\OT1/lmr/m/n/10.95 (i)
 []


Overfull \hbox (14.60019pt too wide) in paragraph at lines 25--25
|\OT1/lmr/m/n/10.95 (ii)
 []


Overfull \hbox (17.64183pt too wide) in paragraph at lines 28--28
|\OT1/lmr/m/n/10.95 (iii)
 []


Overfull \hbox (17.33795pt too wide) in paragraph at lines 30--30
|\OT1/lmr/m/n/10.95 (iv)
 []


Overfull \hbox (14.29631pt too wide) in paragraph at lines 32--32
|\OT1/lmr/m/n/10.95 (v)
 []


Overfull \hbox (11.55855pt too wide) in paragraph at lines 36--36
|\OT1/lmr/m/n/10.95 (i)
 []


Overfull \hbox (14.60019pt too wide) in paragraph at lines 41--41
|\OT1/lmr/m/n/10.95 (ii)
 []


Overfull \hbox (17.64183pt too wide) in paragraph at lines 43--43
|\OT1/lmr/m/n/10.95 (iii)
 []


Overfull \hbox (17.33795pt too wide) in paragraph at lines 45--45
|\OT1/lmr/m/n/10.95 (iv)
 []


Overfull \hbox (14.29631pt too wide) in paragraph at lines 48--48
|\OT1/lmr/m/n/10.95 (v)
 []

[4]
LaTeX Font Info:    Trying to load font information for OML+lmm on input line 5
0.
 ("C:\Users\Patrick\AppData\Local\Programs\MiKTeX 2.9\tex/latex/lm\omllmm.fd"
File: omllmm.fd 2009/10/30 v1.6 Font defs for Latin Modern
)
LaTeX Font Info:    Trying to load font information for OMS+lmsy on input line 
50.
 ("C:\Users\Patrick\AppData\Local\Programs\MiKTeX 2.9\tex/latex/lm\omslmsy.fd"
File: omslmsy.fd 2009/10/30 v1.6 Font defs for Latin Modern
)
LaTeX Font Info:    Trying to load font information for OMX+lmex on input line 
50.
 ("C:\Users\Patrick\AppData\Local\Programs\MiKTeX 2.9\tex/latex/lm\omxlmex.fd"
File: omxlmex.fd 2009/10/30 v1.6 Font defs for Latin Modern
)
LaTeX Font Info:    External font `lmex10' loaded for size
(Font)              <10.95> on input line 50.
LaTeX Font Info:    External font `lmex10' loaded for size
(Font)              <8> on input line 50.
LaTeX Font Info:    External font `lmex10' loaded for size
(Font)              <6> on input line 50.
LaTeX Font Info:    Trying to load font information for TS1+lmr on input line 5
0.
 ("C:\Users\Patrick\AppData\Local\Programs\MiKTeX 2.9\tex/latex/lm\ts1lmr.fd"
File: ts1lmr.fd 2009/10/30 v1.6 Font defs for Latin Modern
)
LaTeX Font Info:    External font `lmex10' loaded for size
(Font)              <9> on input line 50.
LaTeX Font Info:    External font `lmex10' loaded for size
(Font)              <5> on input line 50.

Overfull \hbox (11.55855pt too wide) in paragraph at lines 53--53
|\OT1/lmr/m/n/10.95 (i)
 []


Overfull \hbox (14.60019pt too wide) in paragraph at lines 56--56
|\OT1/lmr/m/n/10.95 (ii)
 []


Overfull \hbox (17.64183pt too wide) in paragraph at lines 59--59
|\OT1/lmr/m/n/10.95 (iii)
 []


Overfull \hbox (17.33795pt too wide) in paragraph at lines 61--61
|\OT1/lmr/m/n/10.95 (iv)
 []


Overfull \hbox (14.29631pt too wide) in paragraph at lines 63--63
|\OT1/lmr/m/n/10.95 (v)
 []


Overfull \hbox (17.33795pt too wide) in paragraph at lines 65--65
|\OT1/lmr/m/n/10.95 (vi)
 []


Overfull \hbox (11.55855pt too wide) in paragraph at lines 69--69
|\OT1/lmr/m/n/10.95 (i)
 []


Overfull \hbox (14.60019pt too wide) in paragraph at lines 71--71
|\OT1/lmr/m/n/10.95 (ii)
 []


Overfull \hbox (17.64183pt too wide) in paragraph at lines 74--74
|\OT1/lmr/m/n/10.95 (iii)
 []


Overfull \hbox (17.33795pt too wide) in paragraph at lines 77--77
|\OT1/lmr/m/n/10.95 (iv)
 []


Overfull \hbox (14.29631pt too wide) in paragraph at lines 79--79
|\OT1/lmr/m/n/10.95 (v)
 []


Overfull \hbox (17.33795pt too wide) in paragraph at lines 81--81
|\OT1/lmr/m/n/10.95 (vi)
 []


Overfull \hbox (20.3796pt too wide) in paragraph at lines 84--84
|\OT1/lmr/m/n/10.95 (vii)
 []

<Figures//rerack_formations.png, id=268, 511.9125pt x 219.06844pt>
File: Figures//rerack_formations.png Graphic file (type png)
<use Figures//rerack_formations.png>
Package pdftex.def Info: Figures//rerack_formations.png  used on input line 91.

(pdftex.def)             Requested size: 341.64674pt x 146.20348pt.

Overfull \hbox (11.55855pt too wide) in paragraph at lines 99--99
|\OT1/lmr/m/n/10.95 (i)
 []


Overfull \hbox (14.60019pt too wide) in paragraph at lines 102--102
|\OT1/lmr/m/n/10.95 (ii)
 []

[5]
Overfull \hbox (17.64183pt too wide) in paragraph at lines 107--107
|\OT1/lmr/m/n/10.95 (iii)
 []


Overfull \hbox (17.33795pt too wide) in paragraph at lines 110--110
|\OT1/lmr/m/n/10.95 (iv)
 []


Overfull \hbox (14.29631pt too wide) in paragraph at lines 112--112
|\OT1/lmr/m/n/10.95 (v)
 []


Overfull \hbox (17.33795pt too wide) in paragraph at lines 114--114
|\OT1/lmr/m/n/10.95 (vi)
 []


Overfull \hbox (20.3796pt too wide) in paragraph at lines 118--118
|\OT1/lmr/m/n/10.95 (vii)
 []


Overfull \hbox (23.42123pt too wide) in paragraph at lines 121--121
|\OT1/lmr/m/n/10.95 (viii)
 []


Overfull \hbox (17.33795pt too wide) in paragraph at lines 124--124
|\OT1/lmr/m/n/10.95 (ix)
 []


Overfull \hbox (11.55855pt too wide) in paragraph at lines 128--128
|\OT1/lmr/m/n/10.95 (i)
 []


Overfull \hbox (14.60019pt too wide) in paragraph at lines 131--131
|\OT1/lmr/m/n/10.95 (ii)
 []

[6 <./Figures//rerack_formations.png>]
Overfull \hbox (17.64183pt too wide) in paragraph at lines 134--134
|\OT1/lmr/m/n/10.95 (iii)
 []


Overfull \hbox (17.33795pt too wide) in paragraph at lines 136--136
|\OT1/lmr/m/n/10.95 (iv)
 []


Overfull \hbox (14.29631pt too wide) in paragraph at lines 139--139
|\OT1/lmr/m/n/10.95 (v)
 []


Overfull \hbox (11.55855pt too wide) in paragraph at lines 143--143
|\OT1/lmr/m/n/10.95 (i)
 []


Overfull \hbox (14.60019pt too wide) in paragraph at lines 145--145
|\OT1/lmr/m/n/10.95 (ii)
 []


Overfull \hbox (17.64183pt too wide) in paragraph at lines 148--148
|\OT1/lmr/m/n/10.95 (iii)
 []


Overfull \hbox (17.33795pt too wide) in paragraph at lines 150--150
|\OT1/lmr/m/n/10.95 (iv)
 []


Overfull \hbox (14.29631pt too wide) in paragraph at lines 152--152
|\OT1/lmr/m/n/10.95 (v)
 []


Overfull \hbox (17.33795pt too wide) in paragraph at lines 154--154
|\OT1/lmr/m/n/10.95 (vi)
 []


Overfull \hbox (20.3796pt too wide) in paragraph at lines 157--157
|\OT1/lmr/m/n/10.95 (vii)
 []


Overfull \hbox (23.42123pt too wide) in paragraph at lines 159--159
|\OT1/lmr/m/n/10.95 (viii)
 []


Overfull \hbox (17.33795pt too wide) in paragraph at lines 163--163
|\OT1/lmr/m/n/10.95 (ix)
 []


Overfull \hbox (14.29631pt too wide) in paragraph at lines 166--166
|\OT1/lmr/m/n/10.95 (x)
 []

) (sec_shottypes.tex
Overfull \hbox (11.55855pt too wide) in paragraph at lines 4--4
|\OT1/lmr/m/n/10.95 (i)
 []


Overfull \hbox (14.60019pt too wide) in paragraph at lines 6--6
|\OT1/lmr/m/n/10.95 (ii)
 []

[7]
Overfull \hbox (17.64183pt too wide) in paragraph at lines 8--8
|\OT1/lmr/m/n/10.95 (iii)
 []


Overfull \hbox (17.33795pt too wide) in paragraph at lines 10--10
|\OT1/lmr/m/n/10.95 (iv)
 []


Overfull \hbox (11.55855pt too wide) in paragraph at lines 14--14
|\OT1/lmr/m/n/10.95 (i)
 []


Overfull \hbox (14.60019pt too wide) in paragraph at lines 16--16
|\OT1/lmr/m/n/10.95 (ii)
 []


Overfull \hbox (17.64183pt too wide) in paragraph at lines 18--18
|\OT1/lmr/m/n/10.95 (iii)
 []


Overfull \hbox (17.33795pt too wide) in paragraph at lines 21--21
|\OT1/lmr/m/n/10.95 (iv)
 []


Overfull \hbox (14.29631pt too wide) in paragraph at lines 24--24
|\OT1/lmr/m/n/10.95 (v)
 []


Overfull \hbox (11.55855pt too wide) in paragraph at lines 28--28
|\OT1/lmr/m/n/10.95 (i)
 []


Overfull \hbox (14.60019pt too wide) in paragraph at lines 31--31
|\OT1/lmr/m/n/10.95 (ii)
 []


Overfull \hbox (17.64183pt too wide) in paragraph at lines 33--33
|\OT1/lmr/m/n/10.95 (iii)
 []


Overfull \hbox (17.33795pt too wide) in paragraph at lines 36--36
|\OT1/lmr/m/n/10.95 (iv)
 []


Overfull \hbox (14.29631pt too wide) in paragraph at lines 39--39
|\OT1/lmr/m/n/10.95 (v)
 []


Overfull \hbox (17.33795pt too wide) in paragraph at lines 42--42
|\OT1/lmr/m/n/10.95 (vi)
 []


Overfull \hbox (20.3796pt too wide) in paragraph at lines 44--44
|\OT1/lmr/m/n/10.95 (vii)
 []


Overfull \hbox (11.55855pt too wide) in paragraph at lines 49--49
|\OT1/lmr/m/n/10.95 (i)
 []

[8]
Overfull \hbox (14.60019pt too wide) in paragraph at lines 51--51
|\OT1/lmr/m/n/10.95 (ii)
 []


Overfull \hbox (17.64183pt too wide) in paragraph at lines 54--54
|\OT1/lmr/m/n/10.95 (iii)
 []


Overfull \hbox (17.33795pt too wide) in paragraph at lines 56--56
|\OT1/lmr/m/n/10.95 (iv)
 []


Overfull \hbox (14.29631pt too wide) in paragraph at lines 58--58
|\OT1/lmr/m/n/10.95 (v)
 []


Overfull \hbox (17.33795pt too wide) in paragraph at lines 60--60
|\OT1/lmr/m/n/10.95 (vi)
 []


Overfull \hbox (20.3796pt too wide) in paragraph at lines 62--62
|\OT1/lmr/m/n/10.95 (vii)
 []


Overfull \hbox (11.55855pt too wide) in paragraph at lines 67--67
|\OT1/lmr/m/n/10.95 (i)
 []


Overfull \hbox (14.60019pt too wide) in paragraph at lines 69--69
|\OT1/lmr/m/n/10.95 (ii)
 []


Overfull \hbox (17.64183pt too wide) in paragraph at lines 72--72
|\OT1/lmr/m/n/10.95 (iii)
 []


Overfull \hbox (17.33795pt too wide) in paragraph at lines 75--75
|\OT1/lmr/m/n/10.95 (iv)
 []


Overfull \hbox (11.55855pt too wide) in paragraph at lines 79--79
|\OT1/lmr/m/n/10.95 (i)
 []


LaTeX Warning: Reference `ssec:MaintainRack' on page 9 undefined on input line 
82.


Overfull \hbox (14.60019pt too wide) in paragraph at lines 83--83
|\OT1/lmr/m/n/10.95 (ii)
 []


Overfull \hbox (17.64183pt too wide) in paragraph at lines 86--86
|\OT1/lmr/m/n/10.95 (iii)
 []


Overfull \hbox (17.33795pt too wide) in paragraph at lines 88--88
|\OT1/lmr/m/n/10.95 (iv)
 []


Overfull \hbox (14.29631pt too wide) in paragraph at lines 91--91
|\OT1/lmr/m/n/10.95 (v)
 []

[9]
Overfull \hbox (17.33795pt too wide) in paragraph at lines 93--93
|\OT1/lmr/m/n/10.95 (vi)
 []


Overfull \hbox (20.3796pt too wide) in paragraph at lines 95--95
|\OT1/lmr/m/n/10.95 (vii)
 []


Overfull \hbox (23.42123pt too wide) in paragraph at lines 97--97
|\OT1/lmr/m/n/10.95 (viii)
 []


Overfull \hbox (17.33795pt too wide) in paragraph at lines 100--100
|\OT1/lmr/m/n/10.95 (ix)
 []


Overfull \hbox (14.29631pt too wide) in paragraph at lines 102--102
|\OT1/lmr/m/n/10.95 (x)
 []


Overfull \hbox (17.33795pt too wide) in paragraph at lines 105--105
|\OT1/lmr/m/n/10.95 (xi)
 []

<Figures//islandExamples.png, id=380, 484.81125pt x 106.14656pt>
File: Figures//islandExamples.png Graphic file (type png)
<use Figures//islandExamples.png>
Package pdftex.def Info: Figures//islandExamples.png  used on input line 111.
(pdftex.def)             Requested size: 364.42459pt x 79.79274pt.
) (sec_miscrules.tex
Overfull \hbox (11.55855pt too wide) in paragraph at lines 4--4
|\OT1/lmr/m/n/10.95 (i)
 []


Overfull \hbox (14.60019pt too wide) in paragraph at lines 7--7
|\OT1/lmr/m/n/10.95 (ii)
 []


Overfull \hbox (11.55855pt too wide) in paragraph at lines 12--12
|\OT1/lmr/m/n/10.95 (i)
 []

[10 <./Figures//islandExamples.png>]
Overfull \hbox (14.60019pt too wide) in paragraph at lines 15--15
|\OT1/lmr/m/n/10.95 (ii)
 []


Overfull \hbox (11.55855pt too wide) in paragraph at lines 19--19
|\OT1/lmr/m/n/10.95 (i)
 []


Overfull \hbox (14.60019pt too wide) in paragraph at lines 23--23
|\OT1/lmr/m/n/10.95 (ii)
 []


Overfull \hbox (17.64183pt too wide) in paragraph at lines 25--25
|\OT1/lmr/m/n/10.95 (iii)
 []


Overfull \hbox (17.33795pt too wide) in paragraph at lines 28--28
|\OT1/lmr/m/n/10.95 (iv)
 []


Overfull \hbox (14.29631pt too wide) in paragraph at lines 30--30
|\OT1/lmr/m/n/10.95 (v)
 []

) [11] (BPRules.aux)
Package rerunfilecheck Info: File `BPRules.out' has not changed.
(rerunfilecheck)             Checksum: 3474491C885209DD8BDB02480528252F;1693.


LaTeX Warning: There were undefined references.

 ) 
Here is how much of TeX's memory you used:
 7939 strings out of 479799
 127095 string characters out of 2866837
 452981 words of memory out of 3000000
 24570 multiletter control sequences out of 15000+200000
 586052 words of font info for 59 fonts, out of 3000000 for 9000
 1141 hyphenation exceptions out of 8191
 70i,10n,74p,443b,494s stack positions out of 5000i,500n,10000p,200000b,50000s
{C:/Users/Patrick/AppData/Local/Programs/MiKTeX 2.9/fonts/enc/dvips/lm/lm-rm.
enc}{C:/Users/Patrick/AppData/Local/Programs/MiKTeX 2.9/fonts/enc/dvips/lm/lm-t
s1.enc}{C:/Users/Patrick/AppData/Local/Programs/MiKTeX 2.9/fonts/enc/dvips/lm/l
m-rmsc.enc}<C:/Users/Patrick/AppData/Local/Programs/MiKTeX 2.9/fonts/type1/publ
ic/lm/lmbx10.pfb><C:/Users/Patrick/AppData/Local/Programs/MiKTeX 2.9/fonts/type
1/public/lm/lmbx12.pfb><C:/Users/Patrick/AppData/Local/Programs/MiKTeX 2.9/font
s/type1/public/lm/lmcsc10.pfb><C:/Users/Patrick/AppData/Local/Programs/MiKTeX 2
.9/fonts/type1/public/lm/lmr10.pfb><C:/Users/Patrick/AppData/Local/Programs/MiK
TeX 2.9/fonts/type1/public/lm/lmr12.pfb><C:/Users/Patrick/AppData/Local/Program
s/MiKTeX 2.9/fonts/type1/public/lm/lmr6.pfb><C:/Users/Patrick/AppData/Local/Pro
grams/MiKTeX 2.9/fonts/type1/public/lm/lmr8.pfb><C:/Users/Patrick/AppData/Local
/Programs/MiKTeX 2.9/fonts/type1/public/lm/lmr9.pfb><C:/Users/Patrick/AppData/L
ocal/Programs/MiKTeX 2.9/fonts/type1/public/lm/lmri10.pfb><C:/Users/Patrick/App
Data/Local/Programs/MiKTeX 2.9/fonts/type1/public/lm/lmri12.pfb><C:/Users/Patri
ck/AppData/Local/Programs/MiKTeX 2.9/fonts/type1/public/yfonts-t1/ygoth.pfb>
Output written on C:\Users\Patrick\OneDrive\BeerPongRules\Output\BPRules.pdf (1
5 pages, 582756 bytes).
PDF statistics:
 486 PDF objects out of 1000 (max. 8388607)
 170 named destinations out of 1000 (max. 500000)
 247 words of extra memory for PDF output out of 10000 (max. 10000000)

